<?xml version="1.0" encoding="UTF-8"?>
<testsuite xmlns:xsi="http://www.w3.org/2001/XMLSchema-instance" xsi:noNamespaceSchemaLocation="https://maven.apache.org/surefire/maven-surefire-plugin/xsd/surefire-test-report.xsd" name="com.testcases.LoginE2ETest" time="2.032" tests="1" errors="0" skipped="0" failures="0">
  <properties>
    <property name="java.specification.version" value="20"/>
    <property name="sun.jnu.encoding" value="UTF-8"/>
    <property name="java.class.path" value="/Users/amosccchang/Documents/Repostories/mytheresa_qa_callenge_chi_chun/AutomationMytheresa/target/test-classes:/Users/amosccchang/Documents/Repostories/mytheresa_qa_callenge_chi_chun/AutomationMytheresa/target/classes:/Users/amosccchang/.m2/repository/junit/junit/4.11/junit-4.11.jar:/Users/amosccchang/.m2/repository/org/hamcrest/hamcrest-core/1.3/hamcrest-core-1.3.jar:/Users/amosccchang/.m2/repository/com/microsoft/playwright/playwright/1.35.1/playwright-1.35.1.jar:/Users/amosccchang/.m2/repository/com/google/code/gson/gson/2.8.9/gson-2.8.9.jar:/Users/amosccchang/.m2/repository/org/opentest4j/opentest4j/1.2.0/opentest4j-1.2.0.jar:/Users/amosccchang/.m2/repository/com/microsoft/playwright/driver/1.35.1/driver-1.35.1.jar:/Users/amosccchang/.m2/repository/com/microsoft/playwright/driver-bundle/1.35.1/driver-bundle-1.35.1.jar:/Users/amosccchang/.m2/repository/org/testng/testng/7.8.0/testng-7.8.0.jar:/Users/amosccchang/.m2/repository/org/slf4j/slf4j-api/1.7.36/slf4j-api-1.7.36.jar:/Users/amosccchang/.m2/repository/com/beust/jcommander/1.82/jcommander-1.82.jar:/Users/amosccchang/.m2/repository/org/webjars/jquery/3.6.1/jquery-3.6.1.jar:"/>
    <property name="java.vm.vendor" value="Homebrew"/>
    <property name="sun.arch.data.model" value="64"/>
    <property name="java.vendor.url" value="https://github.com/Homebrew/homebrew-core/issues"/>
    <property name="os.name" value="Mac OS X"/>
    <property name="java.vm.specification.version" value="20"/>
    <property name="sun.java.launcher" value="SUN_STANDARD"/>
    <property name="user.country" value="GB"/>
    <property name="sun.boot.library.path" value="/opt/homebrew/Cellar/openjdk/20.0.1/libexec/openjdk.jdk/Contents/Home/lib"/>
    <property name="sun.java.command" value="/Users/amosccchang/Documents/Repostories/mytheresa_qa_callenge_chi_chun/AutomationMytheresa/target/surefire/surefirebooter383225109234218968.jar /Users/amosccchang/Documents/Repostories/mytheresa_qa_callenge_chi_chun/AutomationMytheresa/target/surefire 2023-07-22T13-52-48_875-jvmRun1 surefire15605753579102685282tmp surefire_017571189702384609891tmp"/>
    <property name="http.nonProxyHosts" value="local|*.local|169.254/16|*.169.254/16"/>
    <property name="jdk.debug" value="release"/>
    <property name="test" value="com.testcases.LoginE2ETest"/>
    <property name="surefire.test.class.path" value="/Users/amosccchang/Documents/Repostories/mytheresa_qa_callenge_chi_chun/AutomationMytheresa/target/test-classes:/Users/amosccchang/Documents/Repostories/mytheresa_qa_callenge_chi_chun/AutomationMytheresa/target/classes:/Users/amosccchang/.m2/repository/junit/junit/4.11/junit-4.11.jar:/Users/amosccchang/.m2/repository/org/hamcrest/hamcrest-core/1.3/hamcrest-core-1.3.jar:/Users/amosccchang/.m2/repository/com/microsoft/playwright/playwright/1.35.1/playwright-1.35.1.jar:/Users/amosccchang/.m2/repository/com/google/code/gson/gson/2.8.9/gson-2.8.9.jar:/Users/amosccchang/.m2/repository/org/opentest4j/opentest4j/1.2.0/opentest4j-1.2.0.jar:/Users/amosccchang/.m2/repository/com/microsoft/playwright/driver/1.35.1/driver-1.35.1.jar:/Users/amosccchang/.m2/repository/com/microsoft/playwright/driver-bundle/1.35.1/driver-bundle-1.35.1.jar:/Users/amosccchang/.m2/repository/org/testng/testng/7.8.0/testng-7.8.0.jar:/Users/amosccchang/.m2/repository/org/slf4j/slf4j-api/1.7.36/slf4j-api-1.7.36.jar:/Users/amosccchang/.m2/repository/com/beust/jcommander/1.82/jcommander-1.82.jar:/Users/amosccchang/.m2/repository/org/webjars/jquery/3.6.1/jquery-3.6.1.jar:"/>
    <property name="sun.cpu.endian" value="little"/>
    <property name="user.home" value="/Users/amosccchang"/>
    <property name="user.language" value="en"/>
    <property name="java.specification.vendor" value="Oracle Corporation"/>
    <property name="java.version.date" value="2023-04-18"/>
    <property name="java.home" value="/opt/homebrew/Cellar/openjdk/20.0.1/libexec/openjdk.jdk/Contents/Home"/>
    <property name="file.separator" value="/"/>
    <property name="basedir" value="/Users/amosccchang/Documents/Repostories/mytheresa_qa_callenge_chi_chun/AutomationMytheresa"/>
    <property name="java.vm.compressedOopsMode" value="Zero based"/>
    <property name="line.separator" value="&#10;"/>
    <property name="java.vm.specification.vendor" value="Oracle Corporation"/>
    <property name="java.specification.name" value="Java Platform API Specification"/>
    <property name="apple.awt.application.name" value="ForkedBooter"/>
    <property name="surefire.real.class.path" value="/Users/amosccchang/Documents/Repostories/mytheresa_qa_callenge_chi_chun/AutomationMytheresa/target/surefire/surefirebooter383225109234218968.jar"/>
    <property name="sun.management.compiler" value="HotSpot 64-Bit Tiered Compilers"/>
    <property name="ftp.nonProxyHosts" value="local|*.local|169.254/16|*.169.254/16"/>
    <property name="java.runtime.version" value="20.0.1"/>
    <property name="user.name" value="amosccchang"/>
    <property name="stdout.encoding" value="UTF-8"/>
    <property name="path.separator" value=":"/>
    <property name="os.version" value="13.4.1"/>
    <property name="java.runtime.name" value="OpenJDK Runtime Environment"/>
    <property name="file.encoding" value="UTF-8"/>
    <property name="java.vm.name" value="OpenJDK 64-Bit Server VM"/>
    <property name="java.vendor.version" value="Homebrew"/>
    <property name="localRepository" value="/Users/amosccchang/.m2/repository"/>
    <property name="java.vendor.url.bug" value="https://github.com/Homebrew/homebrew-core/issues"/>
    <property name="java.io.tmpdir" value="/var/folders/50/c9_c80sx7hd28y2hdw9bf6j40000gn/T/"/>
    <property name="java.version" value="20.0.1"/>
    <property name="user.dir" value="/Users/amosccchang/Documents/Repostories/mytheresa_qa_callenge_chi_chun/AutomationMytheresa"/>
    <property name="os.arch" value="aarch64"/>
    <property name="java.vm.specification.name" value="Java Virtual Machine Specification"/>
    <property name="native.encoding" value="UTF-8"/>
    <property name="java.library.path" value="/Users/amosccchang/Library/Java/Extensions:/Library/Java/Extensions:/Network/Library/Java/Extensions:/System/Library/Java/Extensions:/usr/lib/java:."/>
    <property name="java.vm.info" value="mixed mode, sharing"/>
    <property name="stderr.encoding" value="UTF-8"/>
    <property name="java.vendor" value="Homebrew"/>
    <property name="java.vm.version" value="20.0.1"/>
    <property name="sun.io.unicode.encoding" value="UnicodeBig"/>
    <property name="socksNonProxyHosts" value="local|*.local|169.254/16|*.169.254/16"/>
    <property name="java.class.version" value="64.0"/>
  </properties>
  <testcase name="testLoginE2ETest" classname="com.testcases.LoginE2ETest" time="0.003"/>
</testsuite>