<?xml version="1.0" encoding="UTF-8"?>
<!-- Generated by org.testng.reporters.JUnitReportReporter -->
<testsuite hostname="zhangqijuns-MBP" failures="0" tests="1" name="com.testcases.LoginE2ETest" time="0.001" errors="0" timestamp="2023-07-22T13:52:52 CST" skipped="0">
  <testcase classname="com.testcases.LoginE2ETest" name="testLoginE2ETest" time="0.001"/>
</testsuite> <!-- com.testcases.LoginE2ETest -->
